<?xml version="1.0" encoding="UTF-8"?>
<!-- Generated by org.testng.reporters.JUnitXMLReporter -->
<testsuite ignored="0" hostname="DESKTOP-TJCLP6F" failures="0" tests="3" name="Test1" time="67.354" errors="0" timestamp="2021-07-12T21:55:50 IST">
  <testcase classname="org.test.FlipkartSigninTestclass" name="useridpass" time="0.872"/>
  <testcase classname="org.test.FlipkartprofileTestclass" name="aorder" time="16.109"/>
  <testcase classname="org.test.FlipkartprofileTestclass" name="border" time="13.272"/>
</testsuite> <!-- Test1 -->
