<?xml version="1.0" encoding="UTF-8"?>
<testng-results ignored="0" total="6" passed="5" failed="1" skipped="0">
  <reporter-output>
  </reporter-output>
  <suite started-at="2021-07-12T21:53:13 IST" name="Suite" finished-at="2021-07-12T21:55:50 IST" duration-ms="157617">
    <groups>
    </groups>
    <test started-at="2021-07-12T21:53:13 IST" name="Test" finished-at="2021-07-12T21:54:43 IST" duration-ms="89965">
      <class name="org.test.FlipkartSigninTestclass">
        <test-method is-config="true" signature="browser()[pri:0, instance:org.test.FlipkartSigninTestclass@47faa49c]" started-at="2021-07-12T21:53:13 IST" name="browser" finished-at="2021-07-12T21:53:29 IST" duration-ms="15978" status="PASS">
          <reporter-output>
          </reporter-output>
        </test-method> <!-- browser -->
        <test-method signature="useridpass()[pri:0, instance:org.test.FlipkartSigninTestclass@47faa49c]" started-at="2021-07-12T21:53:29 IST" name="useridpass" finished-at="2021-07-12T21:53:30 IST" duration-ms="1131" status="PASS">
          <reporter-output>
          </reporter-output>
        </test-method> <!-- useridpass -->
        <test-method is-config="true" signature="logout()[pri:0, instance:org.test.FlipkartSigninTestclass@47faa49c]" started-at="2021-07-12T21:53:30 IST" name="logout" finished-at="2021-07-12T21:53:35 IST" duration-ms="4673" status="PASS">
          <reporter-output>
          </reporter-output>
        </test-method> <!-- logout -->
      </class> <!-- org.test.FlipkartSigninTestclass -->
      <class name="org.test.FlipkartprofileTestclass">
        <test-method is-config="true" signature="browser()[pri:0, instance:org.test.FlipkartprofileTestclass@6404f418]" started-at="2021-07-12T21:53:35 IST" name="browser" finished-at="2021-07-12T21:53:46 IST" duration-ms="11882" status="PASS">
          <reporter-output>
          </reporter-output>
        </test-method> <!-- browser -->
        <test-method is-config="true" signature="useridpass()[pri:0, instance:org.test.FlipkartprofileTestclass@6404f418]" started-at="2021-07-12T21:53:46 IST" name="useridpass" finished-at="2021-07-12T21:53:48 IST" duration-ms="1558" status="PASS">
          <reporter-output>
          </reporter-output>
        </test-method> <!-- useridpass -->
        <test-method signature="aorder()[pri:0, instance:org.test.FlipkartprofileTestclass@6404f418]" started-at="2021-07-12T21:53:48 IST" name="aorder" finished-at="2021-07-12T21:54:14 IST" duration-ms="26172" status="FAIL">
          <exception class="org.openqa.selenium.NoSuchElementException">
            <message>
              <![CDATA[no such element: Unable to locate element: {"method":"xpath","selector":"(//span[contains(text(),'Atomberg ')])[1]"}
  (Session info: chrome=91.0.4472.124)
For documentation on this error, please visit: https://www.seleniumhq.org/exceptions/no_such_element.html
Build info: version: '3.141.59', revision: 'e82be7d358', time: '2018-11-14T08:17:03'
System info: host: 'DESKTOP-TJCLP6F', ip: '192.168.43.244', os.name: 'Windows 10', os.arch: 'amd64', os.version: '10.0', java.version: '11.0.10'
Driver info: org.openqa.selenium.chrome.ChromeDriver
Capabilities {acceptInsecureCerts: false, browserName: chrome, browserVersion: 91.0.4472.124, chrome: {chromedriverVersion: 90.0.4430.24 (4c6d850f087da..., userDataDir: C:\Users\DJ\AppData\Local\T...}, goog:chromeOptions: {debuggerAddress: localhost:64295}, javascriptEnabled: true, networkConnectionEnabled: false, pageLoadStrategy: normal, platform: WINDOWS, platformName: WINDOWS, proxy: Proxy(), setWindowRect: true, strictFileInteractability: false, timeouts: {implicit: 0, pageLoad: 300000, script: 30000}, unhandledPromptBehavior: dismiss and notify, webauthn:extension:largeBlob: true, webauthn:virtualAuthenticators: true}
Session ID: 7b2aeb04d1bbc2ef34dc34f13cd5a28d
*** Element info: {Using=xpath, value=(//span[contains(text(),'Atomberg ')])[1]}]]>
            </message>
            <full-stacktrace>
              <![CDATA[org.openqa.selenium.NoSuchElementException: no such element: Unable to locate element: {"method":"xpath","selector":"(//span[contains(text(),'Atomberg ')])[1]"}
  (Session info: chrome=91.0.4472.124)
For documentation on this error, please visit: https://www.seleniumhq.org/exceptions/no_such_element.html
Build info: version: '3.141.59', revision: 'e82be7d358', time: '2018-11-14T08:17:03'
System info: host: 'DESKTOP-TJCLP6F', ip: '192.168.43.244', os.name: 'Windows 10', os.arch: 'amd64', os.version: '10.0', java.version: '11.0.10'
Driver info: org.openqa.selenium.chrome.ChromeDriver
Capabilities {acceptInsecureCerts: false, browserName: chrome, browserVersion: 91.0.4472.124, chrome: {chromedriverVersion: 90.0.4430.24 (4c6d850f087da..., userDataDir: C:\Users\DJ\AppData\Local\T...}, goog:chromeOptions: {debuggerAddress: localhost:64295}, javascriptEnabled: true, networkConnectionEnabled: false, pageLoadStrategy: normal, platform: WINDOWS, platformName: WINDOWS, proxy: Proxy(), setWindowRect: true, strictFileInteractability: false, timeouts: {implicit: 0, pageLoad: 300000, script: 30000}, unhandledPromptBehavior: dismiss and notify, webauthn:extension:largeBlob: true, webauthn:virtualAuthenticators: true}
Session ID: 7b2aeb04d1bbc2ef34dc34f13cd5a28d
*** Element info: {Using=xpath, value=(//span[contains(text(),'Atomberg ')])[1]}
at java.base/jdk.internal.reflect.NativeConstructorAccessorImpl.newInstance0(Native Method)
at java.base/jdk.internal.reflect.NativeConstructorAccessorImpl.newInstance(NativeConstructorAccessorImpl.java:62)
at java.base/jdk.internal.reflect.DelegatingConstructorAccessorImpl.newInstance(DelegatingConstructorAccessorImpl.java:45)
at java.base/java.lang.reflect.Constructor.newInstance(Constructor.java:490)
at org.openqa.selenium.remote.http.W3CHttpResponseCodec.createException(W3CHttpResponseCodec.java:187)
at org.openqa.selenium.remote.http.W3CHttpResponseCodec.decode(W3CHttpResponseCodec.java:122)
at org.openqa.selenium.remote.http.W3CHttpResponseCodec.decode(W3CHttpResponseCodec.java:49)
at org.openqa.selenium.remote.HttpCommandExecutor.execute(HttpCommandExecutor.java:158)
at org.openqa.selenium.remote.service.DriverCommandExecutor.execute(DriverCommandExecutor.java:83)
at org.openqa.selenium.remote.RemoteWebDriver.execute(RemoteWebDriver.java:552)
at org.openqa.selenium.remote.RemoteWebDriver.findElement(RemoteWebDriver.java:323)
at org.openqa.selenium.remote.RemoteWebDriver.findElementByXPath(RemoteWebDriver.java:428)
at org.openqa.selenium.By$ByXPath.findElement(By.java:353)
at org.openqa.selenium.remote.RemoteWebDriver.findElement(RemoteWebDriver.java:315)
at org.openqa.selenium.support.pagefactory.DefaultElementLocator.findElement(DefaultElementLocator.java:69)
at org.openqa.selenium.support.pagefactory.internal.LocatingElementHandler.invoke(LocatingElementHandler.java:38)
at com.sun.proxy.$Proxy14.click(Unknown Source)
at Flipkart.profilepage.order1(profilepage.java:44)
at org.test.FlipkartprofileTestclass.aorder(FlipkartprofileTestclass.java:50)
at java.base/jdk.internal.reflect.NativeMethodAccessorImpl.invoke0(Native Method)
at java.base/jdk.internal.reflect.NativeMethodAccessorImpl.invoke(NativeMethodAccessorImpl.java:62)
at java.base/jdk.internal.reflect.DelegatingMethodAccessorImpl.invoke(DelegatingMethodAccessorImpl.java:43)
at java.base/java.lang.reflect.Method.invoke(Method.java:566)
at org.testng.internal.MethodInvocationHelper.invokeMethod(MethodInvocationHelper.java:133)
at org.testng.internal.TestInvoker.invokeMethod(TestInvoker.java:598)
at org.testng.internal.TestInvoker.invokeTestMethod(TestInvoker.java:173)
at org.testng.internal.MethodRunner.runInSequence(MethodRunner.java:46)
at org.testng.internal.TestInvoker$MethodInvocationAgent.invoke(TestInvoker.java:824)
at org.testng.internal.TestInvoker.invokeTestMethods(TestInvoker.java:146)
at org.testng.internal.TestMethodWorker.invokeTestMethods(TestMethodWorker.java:146)
at org.testng.internal.TestMethodWorker.run(TestMethodWorker.java:128)
at java.base/java.util.ArrayList.forEach(ArrayList.java:1541)
at org.testng.TestRunner.privateRun(TestRunner.java:794)
at org.testng.TestRunner.run(TestRunner.java:596)
at org.testng.SuiteRunner.runTest(SuiteRunner.java:377)
at org.testng.SuiteRunner.runSequentially(SuiteRunner.java:371)
at org.testng.SuiteRunner.privateRun(SuiteRunner.java:332)
at org.testng.SuiteRunner.run(SuiteRunner.java:276)
at org.testng.SuiteRunnerWorker.runSuite(SuiteRunnerWorker.java:53)
at org.testng.SuiteRunnerWorker.run(SuiteRunnerWorker.java:96)
at org.testng.TestNG.runSuitesSequentially(TestNG.java:1212)
at org.testng.TestNG.runSuitesLocally(TestNG.java:1134)
at org.testng.TestNG.runSuites(TestNG.java:1063)
at org.testng.TestNG.run(TestNG.java:1031)
at org.testng.remote.AbstractRemoteTestNG.run(AbstractRemoteTestNG.java:115)
at org.testng.remote.RemoteTestNG.initAndRun(RemoteTestNG.java:251)
at org.testng.remote.RemoteTestNG.main(RemoteTestNG.java:77)
]]>
            </full-stacktrace>
          </exception> <!-- org.openqa.selenium.NoSuchElementException -->
          <reporter-output>
          </reporter-output>
        </test-method> <!-- aorder -->
        <test-method is-config="true" signature="logout()[pri:0, instance:org.test.FlipkartprofileTestclass@6404f418]" started-at="2021-07-12T21:54:14 IST" name="logout" finished-at="2021-07-12T21:54:15 IST" duration-ms="473" status="PASS">
          <reporter-output>
          </reporter-output>
        </test-method> <!-- logout -->
        <test-method is-config="true" signature="useridpass()[pri:0, instance:org.test.FlipkartprofileTestclass@6404f418]" started-at="2021-07-12T21:54:15 IST" name="useridpass" finished-at="2021-07-12T21:54:23 IST" duration-ms="8760" status="PASS">
          <reporter-output>
          </reporter-output>
        </test-method> <!-- useridpass -->
        <test-method signature="border()[pri:0, instance:org.test.FlipkartprofileTestclass@6404f418]" started-at="2021-07-12T21:54:23 IST" name="border" finished-at="2021-07-12T21:54:40 IST" duration-ms="16416" status="PASS">
          <reporter-output>
          </reporter-output>
        </test-method> <!-- border -->
        <test-method is-config="true" signature="logout()[pri:0, instance:org.test.FlipkartprofileTestclass@6404f418]" started-at="2021-07-12T21:54:40 IST" name="logout" finished-at="2021-07-12T21:54:40 IST" duration-ms="320" status="PASS">
          <reporter-output>
          </reporter-output>
        </test-method> <!-- logout -->
        <test-method is-config="true" signature="close()[pri:0, instance:org.test.FlipkartprofileTestclass@6404f418]" started-at="2021-07-12T21:54:40 IST" name="close" finished-at="2021-07-12T21:54:43 IST" duration-ms="2452" status="PASS">
          <reporter-output>
          </reporter-output>
        </test-method> <!-- close -->
      </class> <!-- org.test.FlipkartprofileTestclass -->
    </test> <!-- Test -->
    <test started-at="2021-07-12T21:54:43 IST" name="Test1" finished-at="2021-07-12T21:55:50 IST" duration-ms="67354">
      <class name="org.test.FlipkartSigninTestclass">
        <test-method is-config="true" signature="browser()[pri:0, instance:org.test.FlipkartSigninTestclass@771a660]" started-at="2021-07-12T21:54:43 IST" name="browser" finished-at="2021-07-12T21:54:52 IST" duration-ms="9539" status="PASS">
          <reporter-output>
          </reporter-output>
        </test-method> <!-- browser -->
        <test-method signature="useridpass()[pri:0, instance:org.test.FlipkartSigninTestclass@771a660]" started-at="2021-07-12T21:54:52 IST" name="useridpass" finished-at="2021-07-12T21:54:53 IST" duration-ms="872" status="PASS">
          <reporter-output>
          </reporter-output>
        </test-method> <!-- useridpass -->
        <test-method is-config="true" signature="logout()[pri:0, instance:org.test.FlipkartSigninTestclass@771a660]" started-at="2021-07-12T21:54:53 IST" name="logout" finished-at="2021-07-12T21:55:01 IST" duration-ms="7634" status="PASS">
          <reporter-output>
          </reporter-output>
        </test-method> <!-- logout -->
      </class> <!-- org.test.FlipkartSigninTestclass -->
      <class name="org.test.FlipkartprofileTestclass">
        <test-method is-config="true" signature="browser()[pri:0, instance:org.test.FlipkartprofileTestclass@2d52216b]" started-at="2021-07-12T21:55:01 IST" name="browser" finished-at="2021-07-12T21:55:14 IST" duration-ms="13088" status="PASS">
          <reporter-output>
          </reporter-output>
        </test-method> <!-- browser -->
        <test-method is-config="true" signature="useridpass()[pri:0, instance:org.test.FlipkartprofileTestclass@2d52216b]" started-at="2021-07-12T21:55:14 IST" name="useridpass" finished-at="2021-07-12T21:55:15 IST" duration-ms="1026" status="PASS">
          <reporter-output>
          </reporter-output>
        </test-method> <!-- useridpass -->
        <test-method signature="aorder()[pri:0, instance:org.test.FlipkartprofileTestclass@2d52216b]" started-at="2021-07-12T21:55:15 IST" name="aorder" finished-at="2021-07-12T21:55:31 IST" duration-ms="16109" status="PASS">
          <reporter-output>
          </reporter-output>
        </test-method> <!-- aorder -->
        <test-method is-config="true" signature="logout()[pri:0, instance:org.test.FlipkartprofileTestclass@2d52216b]" started-at="2021-07-12T21:55:31 IST" name="logout" finished-at="2021-07-12T21:55:32 IST" duration-ms="348" status="PASS">
          <reporter-output>
          </reporter-output>
        </test-method> <!-- logout -->
        <test-method is-config="true" signature="useridpass()[pri:0, instance:org.test.FlipkartprofileTestclass@2d52216b]" started-at="2021-07-12T21:55:32 IST" name="useridpass" finished-at="2021-07-12T21:55:36 IST" duration-ms="4919" status="PASS">
          <reporter-output>
          </reporter-output>
        </test-method> <!-- useridpass -->
        <test-method signature="border()[pri:0, instance:org.test.FlipkartprofileTestclass@2d52216b]" started-at="2021-07-12T21:55:36 IST" name="border" finished-at="2021-07-12T21:55:50 IST" duration-ms="13272" status="PASS">
          <reporter-output>
          </reporter-output>
        </test-method> <!-- border -->
        <test-method is-config="true" signature="logout()[pri:0, instance:org.test.FlipkartprofileTestclass@2d52216b]" started-at="2021-07-12T21:55:50 IST" name="logout" finished-at="2021-07-12T21:55:50 IST" duration-ms="337" status="PASS">
          <reporter-output>
          </reporter-output>
        </test-method> <!-- logout -->
        <test-method is-config="true" signature="close()[pri:0, instance:org.test.FlipkartprofileTestclass@2d52216b]" started-at="2021-07-12T21:55:50 IST" name="close" finished-at="2021-07-12T21:55:50 IST" duration-ms="185" status="PASS">
          <reporter-output>
          </reporter-output>
        </test-method> <!-- close -->
      </class> <!-- org.test.FlipkartprofileTestclass -->
    </test> <!-- Test1 -->
  </suite> <!-- Suite -->
</testng-results>
